[0.740s] Invoking command in '/home/dis3si/repos/ros2_tutorials_examples/src/tf2_workshop': PS1=\u@\h \[\e[32m\]\w \[\e[91m\]$(parse_git_branch)\[\e[00m\]$ PYTHONPATH=/home/dis3si/repos/ros2_tutorials_examples/install/tf2_workshop/lib/python3.8/site-packages:${PYTHONPATH} /usr/bin/python3 setup.py egg_info --egg-base ../../build/tf2_workshop build --build-base /home/dis3si/repos/ros2_tutorials_examples/build/tf2_workshop/build install --prefix /home/dis3si/repos/ros2_tutorials_examples/install/tf2_workshop --record /home/dis3si/repos/ros2_tutorials_examples/build/tf2_workshop/install.log --single-version-externally-managed
[1.608s] running egg_info
[1.612s] creating ../../build/tf2_workshop/tf2_workshop.egg-info
[1.612s] writing ../../build/tf2_workshop/tf2_workshop.egg-info/PKG-INFO
[1.613s] writing dependency_links to ../../build/tf2_workshop/tf2_workshop.egg-info/dependency_links.txt
[1.613s] writing entry points to ../../build/tf2_workshop/tf2_workshop.egg-info/entry_points.txt
[1.613s] writing requirements to ../../build/tf2_workshop/tf2_workshop.egg-info/requires.txt
[1.613s] writing top-level names to ../../build/tf2_workshop/tf2_workshop.egg-info/top_level.txt
[1.690s] writing manifest file '../../build/tf2_workshop/tf2_workshop.egg-info/SOURCES.txt'
[1.928s] reading manifest file '../../build/tf2_workshop/tf2_workshop.egg-info/SOURCES.txt'
[1.932s] writing manifest file '../../build/tf2_workshop/tf2_workshop.egg-info/SOURCES.txt'
[1.934s] running build
[1.934s] running build_py
[1.941s] creating /home/dis3si/repos/ros2_tutorials_examples/build/tf2_workshop/build
[1.941s] creating /home/dis3si/repos/ros2_tutorials_examples/build/tf2_workshop/build/lib
[1.941s] creating /home/dis3si/repos/ros2_tutorials_examples/build/tf2_workshop/build/lib/tf2_workshop
[1.941s] copying tf2_workshop/broadcaster_official.py -> /home/dis3si/repos/ros2_tutorials_examples/build/tf2_workshop/build/lib/tf2_workshop
[1.942s] copying tf2_workshop/add_fixed_frame_official.py -> /home/dis3si/repos/ros2_tutorials_examples/build/tf2_workshop/build/lib/tf2_workshop
[1.972s] copying tf2_workshop/listener_official.py -> /home/dis3si/repos/ros2_tutorials_examples/build/tf2_workshop/build/lib/tf2_workshop
[2.010s] copying tf2_workshop/broadcaster.py -> /home/dis3si/repos/ros2_tutorials_examples/build/tf2_workshop/build/lib/tf2_workshop
[2.024s] copying tf2_workshop/listener.py -> /home/dis3si/repos/ros2_tutorials_examples/build/tf2_workshop/build/lib/tf2_workshop
[2.042s] copying tf2_workshop/__init__.py -> /home/dis3si/repos/ros2_tutorials_examples/build/tf2_workshop/build/lib/tf2_workshop
[2.042s] running install
[2.043s] running install_lib
[2.070s] creating /home/dis3si/repos/ros2_tutorials_examples/install/tf2_workshop/lib/python3.8/site-packages/tf2_workshop
[2.070s] copying /home/dis3si/repos/ros2_tutorials_examples/build/tf2_workshop/build/lib/tf2_workshop/broadcaster_official.py -> /home/dis3si/repos/ros2_tutorials_examples/install/tf2_workshop/lib/python3.8/site-packages/tf2_workshop
[2.071s] copying /home/dis3si/repos/ros2_tutorials_examples/build/tf2_workshop/build/lib/tf2_workshop/add_fixed_frame_official.py -> /home/dis3si/repos/ros2_tutorials_examples/install/tf2_workshop/lib/python3.8/site-packages/tf2_workshop
[2.071s] copying /home/dis3si/repos/ros2_tutorials_examples/build/tf2_workshop/build/lib/tf2_workshop/listener_official.py -> /home/dis3si/repos/ros2_tutorials_examples/install/tf2_workshop/lib/python3.8/site-packages/tf2_workshop
[2.071s] copying /home/dis3si/repos/ros2_tutorials_examples/build/tf2_workshop/build/lib/tf2_workshop/broadcaster.py -> /home/dis3si/repos/ros2_tutorials_examples/install/tf2_workshop/lib/python3.8/site-packages/tf2_workshop
[2.071s] copying /home/dis3si/repos/ros2_tutorials_examples/build/tf2_workshop/build/lib/tf2_workshop/listener.py -> /home/dis3si/repos/ros2_tutorials_examples/install/tf2_workshop/lib/python3.8/site-packages/tf2_workshop
[2.071s] copying /home/dis3si/repos/ros2_tutorials_examples/build/tf2_workshop/build/lib/tf2_workshop/__init__.py -> /home/dis3si/repos/ros2_tutorials_examples/install/tf2_workshop/lib/python3.8/site-packages/tf2_workshop
[2.071s] byte-compiling /home/dis3si/repos/ros2_tutorials_examples/install/tf2_workshop/lib/python3.8/site-packages/tf2_workshop/broadcaster_official.py to broadcaster_official.cpython-38.pyc
[2.075s] byte-compiling /home/dis3si/repos/ros2_tutorials_examples/install/tf2_workshop/lib/python3.8/site-packages/tf2_workshop/add_fixed_frame_official.py to add_fixed_frame_official.cpython-38.pyc
[2.075s] byte-compiling /home/dis3si/repos/ros2_tutorials_examples/install/tf2_workshop/lib/python3.8/site-packages/tf2_workshop/listener_official.py to listener_official.cpython-38.pyc
[2.076s] byte-compiling /home/dis3si/repos/ros2_tutorials_examples/install/tf2_workshop/lib/python3.8/site-packages/tf2_workshop/broadcaster.py to broadcaster.cpython-38.pyc
[2.076s] byte-compiling /home/dis3si/repos/ros2_tutorials_examples/install/tf2_workshop/lib/python3.8/site-packages/tf2_workshop/listener.py to listener.cpython-38.pyc
[2.077s] byte-compiling /home/dis3si/repos/ros2_tutorials_examples/install/tf2_workshop/lib/python3.8/site-packages/tf2_workshop/__init__.py to __init__.cpython-38.pyc
[2.077s] running install_data
[2.106s] creating /home/dis3si/repos/ros2_tutorials_examples/install/tf2_workshop/share/ament_index
[2.106s] creating /home/dis3si/repos/ros2_tutorials_examples/install/tf2_workshop/share/ament_index/resource_index
[2.106s] creating /home/dis3si/repos/ros2_tutorials_examples/install/tf2_workshop/share/ament_index/resource_index/packages
[2.107s] copying resource/tf2_workshop -> /home/dis3si/repos/ros2_tutorials_examples/install/tf2_workshop/share/ament_index/resource_index/packages
[2.116s] copying package.xml -> /home/dis3si/repos/ros2_tutorials_examples/install/tf2_workshop/share/tf2_workshop
[2.116s] creating /home/dis3si/repos/ros2_tutorials_examples/install/tf2_workshop/share/tf2_workshop/launch
[2.116s] copying launch/turtle_tf2_demo.launch.py -> /home/dis3si/repos/ros2_tutorials_examples/install/tf2_workshop/share/tf2_workshop/launch
[2.116s] copying launch/turtle_tf2_fixed_frame_demo.launch.py -> /home/dis3si/repos/ros2_tutorials_examples/install/tf2_workshop/share/tf2_workshop/launch
[2.116s] running install_egg_info
[2.145s] Copying ../../build/tf2_workshop/tf2_workshop.egg-info to /home/dis3si/repos/ros2_tutorials_examples/install/tf2_workshop/lib/python3.8/site-packages/tf2_workshop-0.0.1-py3.8.egg-info
[2.146s] running install_scripts
[2.281s] Installing add_fixed_frame_off script to /home/dis3si/repos/ros2_tutorials_examples/install/tf2_workshop/lib/tf2_workshop
[2.282s] Installing broadcaster script to /home/dis3si/repos/ros2_tutorials_examples/install/tf2_workshop/lib/tf2_workshop
[2.282s] Installing broadcaster_off script to /home/dis3si/repos/ros2_tutorials_examples/install/tf2_workshop/lib/tf2_workshop
[2.282s] Installing listener script to /home/dis3si/repos/ros2_tutorials_examples/install/tf2_workshop/lib/tf2_workshop
[2.282s] Installing listener_off script to /home/dis3si/repos/ros2_tutorials_examples/install/tf2_workshop/lib/tf2_workshop
[2.282s] writing list of installed files to '/home/dis3si/repos/ros2_tutorials_examples/build/tf2_workshop/install.log'
[2.371s] Invoked command in '/home/dis3si/repos/ros2_tutorials_examples/src/tf2_workshop' returned '0': PS1=\u@\h \[\e[32m\]\w \[\e[91m\]$(parse_git_branch)\[\e[00m\]$ PYTHONPATH=/home/dis3si/repos/ros2_tutorials_examples/install/tf2_workshop/lib/python3.8/site-packages:${PYTHONPATH} /usr/bin/python3 setup.py egg_info --egg-base ../../build/tf2_workshop build --build-base /home/dis3si/repos/ros2_tutorials_examples/build/tf2_workshop/build install --prefix /home/dis3si/repos/ros2_tutorials_examples/install/tf2_workshop --record /home/dis3si/repos/ros2_tutorials_examples/build/tf2_workshop/install.log --single-version-externally-managed
