/home/dis3si/repos/ros2_tutorials_examples/install/tf2_workshop/lib/python3.8/site-packages/tf2_workshop/broadcaster_official.py
/home/dis3si/repos/ros2_tutorials_examples/install/tf2_workshop/lib/python3.8/site-packages/tf2_workshop/add_fixed_frame_official.py
/home/dis3si/repos/ros2_tutorials_examples/install/tf2_workshop/lib/python3.8/site-packages/tf2_workshop/listener_official.py
/home/dis3si/repos/ros2_tutorials_examples/install/tf2_workshop/lib/python3.8/site-packages/tf2_workshop/broadcaster.py
/home/dis3si/repos/ros2_tutorials_examples/install/tf2_workshop/lib/python3.8/site-packages/tf2_workshop/listener.py
/home/dis3si/repos/ros2_tutorials_examples/install/tf2_workshop/lib/python3.8/site-packages/tf2_workshop/__init__.py
/home/dis3si/repos/ros2_tutorials_examples/install/tf2_workshop/lib/python3.8/site-packages/tf2_workshop/__pycache__/broadcaster_official.cpython-38.pyc
/home/dis3si/repos/ros2_tutorials_examples/install/tf2_workshop/lib/python3.8/site-packages/tf2_workshop/__pycache__/add_fixed_frame_official.cpython-38.pyc
/home/dis3si/repos/ros2_tutorials_examples/install/tf2_workshop/lib/python3.8/site-packages/tf2_workshop/__pycache__/listener_official.cpython-38.pyc
/home/dis3si/repos/ros2_tutorials_examples/install/tf2_workshop/lib/python3.8/site-packages/tf2_workshop/__pycache__/broadcaster.cpython-38.pyc
/home/dis3si/repos/ros2_tutorials_examples/install/tf2_workshop/lib/python3.8/site-packages/tf2_workshop/__pycache__/listener.cpython-38.pyc
/home/dis3si/repos/ros2_tutorials_examples/install/tf2_workshop/lib/python3.8/site-packages/tf2_workshop/__pycache__/__init__.cpython-38.pyc
/home/dis3si/repos/ros2_tutorials_examples/install/tf2_workshop/share/ament_index/resource_index/packages/tf2_workshop
/home/dis3si/repos/ros2_tutorials_examples/install/tf2_workshop/share/tf2_workshop/package.xml
/home/dis3si/repos/ros2_tutorials_examples/install/tf2_workshop/share/tf2_workshop/launch/turtle_tf2_demo.launch.py
/home/dis3si/repos/ros2_tutorials_examples/install/tf2_workshop/share/tf2_workshop/launch/turtle_tf2_fixed_frame_demo.launch.py
/home/dis3si/repos/ros2_tutorials_examples/install/tf2_workshop/lib/python3.8/site-packages/tf2_workshop-0.0.1-py3.8.egg-info/zip-safe
/home/dis3si/repos/ros2_tutorials_examples/install/tf2_workshop/lib/python3.8/site-packages/tf2_workshop-0.0.1-py3.8.egg-info/top_level.txt
/home/dis3si/repos/ros2_tutorials_examples/install/tf2_workshop/lib/python3.8/site-packages/tf2_workshop-0.0.1-py3.8.egg-info/PKG-INFO
/home/dis3si/repos/ros2_tutorials_examples/install/tf2_workshop/lib/python3.8/site-packages/tf2_workshop-0.0.1-py3.8.egg-info/dependency_links.txt
/home/dis3si/repos/ros2_tutorials_examples/install/tf2_workshop/lib/python3.8/site-packages/tf2_workshop-0.0.1-py3.8.egg-info/entry_points.txt
/home/dis3si/repos/ros2_tutorials_examples/install/tf2_workshop/lib/python3.8/site-packages/tf2_workshop-0.0.1-py3.8.egg-info/requires.txt
/home/dis3si/repos/ros2_tutorials_examples/install/tf2_workshop/lib/python3.8/site-packages/tf2_workshop-0.0.1-py3.8.egg-info/SOURCES.txt
/home/dis3si/repos/ros2_tutorials_examples/install/tf2_workshop/lib/tf2_workshop/add_fixed_frame_off
/home/dis3si/repos/ros2_tutorials_examples/install/tf2_workshop/lib/tf2_workshop/broadcaster
/home/dis3si/repos/ros2_tutorials_examples/install/tf2_workshop/lib/tf2_workshop/broadcaster_off
/home/dis3si/repos/ros2_tutorials_examples/install/tf2_workshop/lib/tf2_workshop/listener
/home/dis3si/repos/ros2_tutorials_examples/install/tf2_workshop/lib/tf2_workshop/listener_off
